Created by PLY version 3.11 (http://www.dabeaz.com/ply)

Grammar

Rule 0     S' -> variable_list
Rule 1     variable_list -> IDENTIFIER
Rule 2     variable_list -> IDENTIFIER COMMA variable_list

Terminals, with rules where they appear

COMMA                : 2
IDENTIFIER           : 1 2
error                : 

Nonterminals, with rules where they appear

variable_list        : 2 0

Parsing method: LALR

state 0

    (0) S' -> . variable_list
    (1) variable_list -> . IDENTIFIER
    (2) variable_list -> . IDENTIFIER COMMA variable_list

    IDENTIFIER      shift and go to state 2

    variable_list                  shift and go to state 1

state 1

    (0) S' -> variable_list .



state 2

    (1) variable_list -> IDENTIFIER .
    (2) variable_list -> IDENTIFIER . COMMA variable_list

    $end            reduce using rule 1 (variable_list -> IDENTIFIER .)
    COMMA           shift and go to state 3


state 3

    (2) variable_list -> IDENTIFIER COMMA . variable_list
    (1) variable_list -> . IDENTIFIER
    (2) variable_list -> . IDENTIFIER COMMA variable_list

    IDENTIFIER      shift and go to state 2

    variable_list                  shift and go to state 4

state 4

    (2) variable_list -> IDENTIFIER COMMA variable_list .

    $end            reduce using rule 2 (variable_list -> IDENTIFIER COMMA variable_list .)

